0 info it worked if it ends with ok
1 verbose cli [ 'node', '/Users/tim/.nvm/v0.10.33/bin/npm', 'publish' ]
2 info using npm@2.1.14
3 info using node@v0.10.33
4 verbose node symlink /Users/tim/.nvm/v0.10.33/bin/node
5 verbose publish [ '.' ]
6 silly cache add args [ '.', null ]
7 verbose cache add spec .
8 silly cache add parsed spec { raw: '.',
8 silly cache add   scope: null,
8 silly cache add   name: null,
8 silly cache add   rawSpec: '.',
8 silly cache add   spec: '/Volumes/DATA/Users/tim/ProgrammingProjects/IntelliJ/modlab-chat',
8 silly cache add   type: 'directory' }
9 verbose tar pack [ '/Users/tim/.npm/modlab-chat/0.0.2/package.tgz',
9 verbose tar pack   '/Volumes/DATA/Users/tim/ProgrammingProjects/IntelliJ/modlab-chat' ]
10 verbose tarball /Users/tim/.npm/modlab-chat/0.0.2/package.tgz
11 verbose folder /Volumes/DATA/Users/tim/ProgrammingProjects/IntelliJ/modlab-chat
12 info prepublish modlab-chat@0.0.2
13 verbose addLocalTarball adding from inside cache /Users/tim/.npm/modlab-chat/0.0.2/package.tgz
14 silly cache afterAdd modlab-chat@0.0.2
15 verbose afterAdd /Users/tim/.npm/modlab-chat/0.0.2/package/package.json not in flight; writing
16 verbose afterAdd /Users/tim/.npm/modlab-chat/0.0.2/package/package.json written
17 silly publish { name: 'modlab-chat',
17 silly publish   version: '0.0.2',
17 silly publish   description: 'Chat part of modlab',
17 silly publish   main: 'lib/index.js',
17 silly publish   repository:
17 silly publish    { type: 'git',
17 silly publish      url: 'https://github.com/kumpelblase2/modlab-chat.git' },
17 silly publish   dependencies: { irc: '~0.3.7', 'scoped-http-client': '~0.9.8', log: '~1.4.0' },
17 silly publish   devDependencies: { 'coffee-script': '~1.8.0' },
17 silly publish   keywords: [ 'chat' ],
17 silly publish   author: { name: 'kumpelblase2' },
17 silly publish   license: 'MIT',
17 silly publish   bugs: { url: 'https://github.com/kumpelblase2/modlab-chat/issues' },
17 silly publish   homepage: 'https://github.com/kumpelblase2/modlab-chat',
17 silly publish   readme: '# modlab-chat\n\nModlab-chat is the chat part of the modlab application. It is a modified version of hubot to strip out unnecessary features, such as the persistent data storage will will be replaced with the sails data storage in the actual app.\n\nHubot and thus also this are licensed under the MIT license.',
17 silly publish   readmeFilename: 'README.md',
17 silly publish   _id: 'modlab-chat@0.0.2',
17 silly publish   scripts: {},
17 silly publish   _shasum: '058689e8d1675a3048d1a331f9d3cd2179c68029',
17 silly publish   _from: '.' }
18 silly mapToRegistry name modlab-chat
19 silly mapToRegistry using default registry
20 silly mapToRegistry registry https://registry.npmjs.org/
21 silly mapToRegistry uri https://registry.npmjs.org/modlab-chat
22 verbose publish registryBase https://registry.npmjs.org/
23 silly publish uploading /Users/tim/.npm/modlab-chat/0.0.2/package.tgz
24 verbose request uri https://registry.npmjs.org/modlab-chat
25 verbose request sending authorization for write operation
26 info attempt registry request try #1 at 23:02:44
27 verbose request id e89bea870b08cd41
28 http request PUT https://registry.npmjs.org/modlab-chat
29 http 403 https://registry.npmjs.org/modlab-chat
30 verbose headers { date: 'Tue, 06 Jan 2015 22:02:45 GMT',
30 verbose headers   server: 'CouchDB/1.5.0 (Erlang OTP/R16B03)',
30 verbose headers   'content-type': 'application/json',
30 verbose headers   'cache-control': 'max-age=60',
30 verbose headers   'content-length': '2554',
30 verbose headers   'accept-ranges': 'bytes',
30 verbose headers   via: '1.1 varnish',
30 verbose headers   'x-served-by': 'cache-fra1230-FRA',
30 verbose headers   'x-cache': 'MISS',
30 verbose headers   'x-cache-hits': '0',
30 verbose headers   'x-timer': 'S1420581764.717901,VS0,VE338',
30 verbose headers   'keep-alive': 'timeout=10, max=50',
30 verbose headers   connection: 'Keep-Alive' }
31 verbose request invalidating /Users/tim/.npm/registry.npmjs.org/modlab-chat on PUT
32 error publish Failed PUT 403
33 verbose stack Error: forbidden cannot modify pre-existing version: 0.0.2
33 verbose stack old={"name":"modlab-chat","version":"0.0.2","description":"Chat part of modlab","main":"lib/index.js","repository":{"type":"git","url":"https://github.com/kumpelblase2/modlab-chat.git"},"dependencies":{"irc":"~0.3.7","scoped-http-client":"~0.9.8","log":"~1.4.0"},"devDependencies":{"coffee-script":"~1.8.0"},"keywords":["chat"],"author":{"name":"kumpelblase2"},"license":"MIT","bugs":{"url":"https://github.com/kumpelblase2/modlab-chat/issues"},"homepage":"https://github.com/kumpelblase2/modlab-chat","_id":"modlab-chat@0.0.2","scripts":{},"_shasum":"0d39133f890944c3260be07ae718b4583531022b","_from":".","_npmVersion":"2.1.14","_nodeVersion":"0.10.33","_npmUser":{"name":"kumpelblase2","email":"tim@infinityblade.de"},"maintainers":[{"name":"kumpelblase2","email":"tim@infinityblade.de"}],"dist":{"shasum":"0d39133f890944c3260be07ae718b4583531022b","tarball":"http://registry.npmjs.org/modlab-chat/-/modlab-chat-0.0.2.tgz"}}
33 verbose stack new={"name":"modlab-chat","version":"0.0.2","description":"Chat part of modlab","main":"lib/index.js","repository":{"type":"git","url":"https://github.com/kumpelblase2/modlab-chat.git"},"dependencies":{"irc":"~0.3.7","scoped-http-client":"~0.9.8","log":"~1.4.0"},"devDependencies":{"coffee-script":"~1.8.0"},"keywords":["chat"],"author":{"name":"kumpelblase2"},"license":"MIT","bugs":{"url":"https://github.com/kumpelblase2/modlab-chat/issues"},"homepage":"https://github.com/kumpelblase2/modlab-chat","readme":"# modlab-chat\u000a\u000aModlab-chat is the chat part of the modlab application. It is a modified version of hubot to strip out unnecessary features, such as the persistent data storage will will be replaced with the sails data storage in the actual app.\u000a\u000aHubot and thus also this are licensed under the MIT license.","readmeFilename":"README.md","_id":"modlab-chat@0.0.2","scripts":{},"_shasum":"058689e8d1675a3048d1a331f9d3cd2179c68029","_from":".","_npmVersion":"2.1.14","_nodeVersion":"0.10.33","_npmUser":{"name":"kumpelblase2","email":"tim@infinityblade.de"},"maintainers":[{"name":"kumpelblase2","email":"tim@infinityblade.de"}],"dist":{"shasum":"058689e8d1675a3048d1a331f9d3cd2179c68029","tarball":"http://registry.npmjs.org/modlab-chat/-/modlab-chat-0.0.2.tgz"}}: modlab-chat
33 verbose stack     at CachingRegistryClient.<anonymous> (/Volumes/DATA/Users/tim/.nvm/v0.10.33/lib/node_modules/npm/node_modules/npm-registry-client/lib/request.js:244:14)
33 verbose stack     at Request._callback (/Volumes/DATA/Users/tim/.nvm/v0.10.33/lib/node_modules/npm/node_modules/npm-registry-client/lib/request.js:172:14)
33 verbose stack     at Request.self.callback (/Volumes/DATA/Users/tim/.nvm/v0.10.33/lib/node_modules/npm/node_modules/request/request.js:373:22)
33 verbose stack     at Request.emit (events.js:98:17)
33 verbose stack     at Request.<anonymous> (/Volumes/DATA/Users/tim/.nvm/v0.10.33/lib/node_modules/npm/node_modules/request/request.js:1318:14)
33 verbose stack     at Request.emit (events.js:117:20)
33 verbose stack     at IncomingMessage.<anonymous> (/Volumes/DATA/Users/tim/.nvm/v0.10.33/lib/node_modules/npm/node_modules/request/request.js:1266:12)
33 verbose stack     at IncomingMessage.emit (events.js:117:20)
33 verbose stack     at _stream_readable.js:943:16
33 verbose stack     at process._tickCallback (node.js:419:13)
34 verbose statusCode 403
35 verbose pkgid modlab-chat
36 verbose cwd /Volumes/DATA/Users/tim/ProgrammingProjects/IntelliJ/modlab-chat
37 error Darwin 14.0.0
38 error argv "node" "/Users/tim/.nvm/v0.10.33/bin/npm" "publish"
39 error node v0.10.33
40 error npm  v2.1.14
41 error code E403
42 error forbidden cannot modify pre-existing version: 0.0.2
42 error old={"name":"modlab-chat","version":"0.0.2","description":"Chat part of modlab","main":"lib/index.js","repository":{"type":"git","url":"https://github.com/kumpelblase2/modlab-chat.git"},"dependencies":{"irc":"~0.3.7","scoped-http-client":"~0.9.8","log":"~1.4.0"},"devDependencies":{"coffee-script":"~1.8.0"},"keywords":["chat"],"author":{"name":"kumpelblase2"},"license":"MIT","bugs":{"url":"https://github.com/kumpelblase2/modlab-chat/issues"},"homepage":"https://github.com/kumpelblase2/modlab-chat","_id":"modlab-chat@0.0.2","scripts":{},"_shasum":"0d39133f890944c3260be07ae718b4583531022b","_from":".","_npmVersion":"2.1.14","_nodeVersion":"0.10.33","_npmUser":{"name":"kumpelblase2","email":"tim@infinityblade.de"},"maintainers":[{"name":"kumpelblase2","email":"tim@infinityblade.de"}],"dist":{"shasum":"0d39133f890944c3260be07ae718b4583531022b","tarball":"http://registry.npmjs.org/modlab-chat/-/modlab-chat-0.0.2.tgz"}}
42 error new={"name":"modlab-chat","version":"0.0.2","description":"Chat part of modlab","main":"lib/index.js","repository":{"type":"git","url":"https://github.com/kumpelblase2/modlab-chat.git"},"dependencies":{"irc":"~0.3.7","scoped-http-client":"~0.9.8","log":"~1.4.0"},"devDependencies":{"coffee-script":"~1.8.0"},"keywords":["chat"],"author":{"name":"kumpelblase2"},"license":"MIT","bugs":{"url":"https://github.com/kumpelblase2/modlab-chat/issues"},"homepage":"https://github.com/kumpelblase2/modlab-chat","readme":"# modlab-chat\u000a\u000aModlab-chat is the chat part of the modlab application. It is a modified version of hubot to strip out unnecessary features, such as the persistent data storage will will be replaced with the sails data storage in the actual app.\u000a\u000aHubot and thus also this are licensed under the MIT license.","readmeFilename":"README.md","_id":"modlab-chat@0.0.2","scripts":{},"_shasum":"058689e8d1675a3048d1a331f9d3cd2179c68029","_from":".","_npmVersion":"2.1.14","_nodeVersion":"0.10.33","_npmUser":{"name":"kumpelblase2","email":"tim@infinityblade.de"},"maintainers":[{"name":"kumpelblase2","email":"tim@infinityblade.de"}],"dist":{"shasum":"058689e8d1675a3048d1a331f9d3cd2179c68029","tarball":"http://registry.npmjs.org/modlab-chat/-/modlab-chat-0.0.2.tgz"}}: modlab-chat
43 error If you need help, you may report this error at:
43 error     <http://github.com/npm/npm/issues>
44 verbose exit [ 1, true ]
